<?xml version="1.0" encoding="UTF-8"?>
<Site BuildName="(empty)"
	BuildStamp="20250926-0108-Experimental"
	Name="Omen"
	Generator="ctest-3.22.1"
	CompilerName="/usr/bin/g++"
	CompilerVersion="11.4.0"
	OSName="Linux"
	Hostname="Omen"
	OSRelease="6.8.0-83-generic"
	OSVersion="#83~22.04.1-Ubuntu SMP PREEMPT_DYNAMIC Tue Sep  9 18:19:47 UTC 2"
	OSPlatform="x86_64"
	Is64Bits="1"
	VendorString="GenuineIntel"
	VendorID="Intel Corporation"
	FamilyID="6"
	ModelID="183"
	ProcessorCacheSize="36864"
	NumberOfLogicalCPU="32"
	NumberOfPhysicalCPU="24"
	TotalVirtualMemory="7812"
	TotalPhysicalMemory="29778"
	LogicalProcessorsPerPhysical="1"
	ProcessorClockFrequency="2525.48"
	>
	<Testing>
		<StartDateTime>Sep 26 09:08 CST</StartDateTime>
		<StartTestTime>1758848904</StartTestTime>
		<TestList/>
		<EndDateTime>Sep 26 09:08 CST</EndDateTime>
		<EndTestTime>1758848904</EndTestTime>
		<ElapsedMinutes>0</ElapsedMinutes>
	</Testing>
</Site>
