<?xml version="1.0" encoding="UTF-8"?>
<Site BuildName="(empty)"
	BuildStamp="20250930-0052-Experimental"
	Name="Omen"
	Generator="ctest-3.22.1"
	CompilerName="/usr/bin/g++"
	CompilerVersion="11.4.0"
	OSName="Linux"
	Hostname="Omen"
	OSRelease="6.8.0-84-generic"
	OSVersion="#84~22.04.1-Ubuntu SMP PREEMPT_DYNAMIC Tue Sep  9 14:29:36 UTC 2"
	OSPlatform="x86_64"
	Is64Bits="1"
	VendorString="GenuineIntel"
	VendorID="Intel Corporation"
	FamilyID="6"
	ModelID="183"
	ProcessorCacheSize="36864"
	NumberOfLogicalCPU="32"
	NumberOfPhysicalCPU="24"
	TotalVirtualMemory="7812"
	TotalPhysicalMemory="29778"
	LogicalProcessorsPerPhysical="1"
	ProcessorClockFrequency="1302.55"
	>
	<Testing>
		<StartDateTime>Sep 30 13:05 CST</StartDateTime>
		<StartTestTime>1759208732</StartTestTime>
		<TestList/>
		<EndDateTime>Sep 30 13:05 CST</EndDateTime>
		<EndTestTime>1759208732</EndTestTime>
		<ElapsedMinutes>0</ElapsedMinutes>
	</Testing>
</Site>
